<?xml version="1.0" encoding="UTF-8"?>
<testng-results skipped="0" failed="5" total="6" passed="1">
  <reporter-output>
  </reporter-output>
  <suite name="Default suite" duration-ms="11423" started-at="2022-06-17T15:05:54Z" finished-at="2022-06-17T15:06:05Z">
    <groups>
    </groups>
    <test name="Default test" duration-ms="11423" started-at="2022-06-17T15:05:54Z" finished-at="2022-06-17T15:06:05Z">
      <class name="org.main.OMRBranch">
        <test-method status="FAIL" signature="getUsers()[pri:1, instance:org.main.OMRBranch@49e4cb85]" name="getUsers" duration-ms="3204" started-at="2022-06-17T20:35:54Z" finished-at="2022-06-17T20:35:57Z">
          <exception class="java.io.FileNotFoundException">
            <message>
              <![CDATA[C:\Users\Nishu\eclipse-workspace111new\ApiIntegration\src\test\resources\config.properties (The system cannot find the file specified)]]>
            </message>
            <full-stacktrace>
              <![CDATA[java.io.FileNotFoundException: C:\Users\Nishu\eclipse-workspace111new\ApiIntegration\src\test\resources\config.properties (The system cannot find the file specified)
	at java.io.FileInputStream.open0(Native Method)
	at java.io.FileInputStream.open(FileInputStream.java:195)
	at java.io.FileInputStream.<init>(FileInputStream.java:138)
	at java.io.FileInputStream.<init>(FileInputStream.java:93)
	at com.base.BaseClass.getPropertyvalue(BaseClass.java:31)
	at org.main.OMRBranch.getUsers(OMRBranch.java:35)
	at sun.reflect.NativeMethodAccessorImpl.invoke0(Native Method)
	at sun.reflect.NativeMethodAccessorImpl.invoke(NativeMethodAccessorImpl.java:62)
	at sun.reflect.DelegatingMethodAccessorImpl.invoke(DelegatingMethodAccessorImpl.java:43)
	at java.lang.reflect.Method.invoke(Method.java:498)
	at org.testng.internal.MethodInvocationHelper.invokeMethod(MethodInvocationHelper.java:86)
	at org.testng.internal.Invoker.invokeMethod(Invoker.java:643)
	at org.testng.internal.Invoker.invokeTestMethod(Invoker.java:820)
	at org.testng.internal.Invoker.invokeTestMethods(Invoker.java:1128)
	at org.testng.internal.TestMethodWorker.invokeTestMethods(TestMethodWorker.java:129)
	at org.testng.internal.TestMethodWorker.run(TestMethodWorker.java:112)
	at org.testng.TestRunner.privateRun(TestRunner.java:782)
	at org.testng.TestRunner.run(TestRunner.java:632)
	at org.testng.SuiteRunner.runTest(SuiteRunner.java:366)
	at org.testng.SuiteRunner.runSequentially(SuiteRunner.java:361)
	at org.testng.SuiteRunner.privateRun(SuiteRunner.java:319)
	at org.testng.SuiteRunner.run(SuiteRunner.java:268)
	at org.testng.SuiteRunnerWorker.runSuite(SuiteRunnerWorker.java:52)
	at org.testng.SuiteRunnerWorker.run(SuiteRunnerWorker.java:86)
	at org.testng.TestNG.runSuitesSequentially(TestNG.java:1244)
	at org.testng.TestNG.runSuitesLocally(TestNG.java:1169)
	at org.testng.TestNG.run(TestNG.java:1064)
	at org.testng.remote.RemoteTestNG.run(RemoteTestNG.java:113)
	at org.testng.remote.RemoteTestNG.initAndRun(RemoteTestNG.java:206)
	at org.testng.remote.RemoteTestNG.main(RemoteTestNG.java:177)
]]>
            </full-stacktrace>
          </exception> <!-- java.io.FileNotFoundException -->
          <reporter-output>
          </reporter-output>
        </test-method> <!-- getUsers -->
        <test-method status="FAIL" signature="createAddress()[pri:2, instance:org.main.OMRBranch@49e4cb85]" name="createAddress" duration-ms="1094" started-at="2022-06-17T20:35:57Z" finished-at="2022-06-17T20:35:58Z">
          <exception class="java.util.ServiceConfigurationError">
            <message>
              <![CDATA[com.fasterxml.jackson.databind.Module: Provider com.fasterxml.jackson.datatype.jdk8.Jdk8Module not found]]>
            </message>
            <full-stacktrace>
              <![CDATA[java.util.ServiceConfigurationError: com.fasterxml.jackson.databind.Module: Provider com.fasterxml.jackson.datatype.jdk8.Jdk8Module not found
	at java.util.ServiceLoader.fail(ServiceLoader.java:239)
	at java.util.ServiceLoader.access$300(ServiceLoader.java:185)
	at java.util.ServiceLoader$LazyIterator.nextService(ServiceLoader.java:372)
	at java.util.ServiceLoader$LazyIterator.next(ServiceLoader.java:404)
	at java.util.ServiceLoader$1.next(ServiceLoader.java:480)
	at com.fasterxml.jackson.databind.ObjectMapper.findModules(ObjectMapper.java:1105)
	at com.fasterxml.jackson.databind.ObjectMapper.findModules(ObjectMapper.java:1089)
	at com.fasterxml.jackson.databind.ObjectMapper.findAndRegisterModules(ObjectMapper.java:1139)
	at io.restassured.path.json.mapper.factory.DefaultJackson2ObjectMapperFactory.create(DefaultJackson2ObjectMapperFactory.java:29)
	at io.restassured.path.json.mapper.factory.DefaultJackson2ObjectMapperFactory.create(DefaultJackson2ObjectMapperFactory.java:27)
	at io.restassured.common.mapper.factory.ObjectMapperFactory$create.call(Unknown Source)
	at org.codehaus.groovy.runtime.callsite.CallSiteArray.defaultCall(CallSiteArray.java:46)
	at org.codehaus.groovy.runtime.callsite.AbstractCallSite.call(AbstractCallSite.java:125)
	at org.codehaus.groovy.runtime.callsite.AbstractCallSite.call(AbstractCallSite.java:148)
	at io.restassured.internal.mapping.Jackson2Mapper.createJackson2ObjectMapper(Jackson2Mapper.groovy:44)
	at io.restassured.internal.mapping.Jackson2Mapper.this$2$createJackson2ObjectMapper(Jackson2Mapper.groovy)
	at sun.reflect.NativeMethodAccessorImpl.invoke0(Native Method)
	at sun.reflect.NativeMethodAccessorImpl.invoke(NativeMethodAccessorImpl.java:62)
	at sun.reflect.DelegatingMethodAccessorImpl.invoke(DelegatingMethodAccessorImpl.java:43)
	at java.lang.reflect.Method.invoke(Method.java:498)
	at org.codehaus.groovy.runtime.callsite.PlainObjectMetaMethodSite.doInvoke(PlainObjectMetaMethodSite.java:43)
	at org.codehaus.groovy.runtime.callsite.PogoMetaMethodSite$PogoCachedMethodSiteNoUnwrapNoCoerce.invoke(PogoMetaMethodSite.java:198)
	at org.codehaus.groovy.runtime.callsite.PogoMetaMethodSite.callCurrent(PogoMetaMethodSite.java:62)
	at org.codehaus.groovy.runtime.callsite.CallSiteArray.defaultCallCurrent(CallSiteArray.java:50)
	at org.codehaus.groovy.runtime.callsite.AbstractCallSite.callCurrent(AbstractCallSite.java:171)
	at org.codehaus.groovy.runtime.callsite.AbstractCallSite.callCurrent(AbstractCallSite.java:194)
	at io.restassured.internal.mapping.Jackson2Mapper.serialize(Jackson2Mapper.groovy:50)
	at io.restassured.internal.mapping.Jackson2Mapper.serialize(Jackson2Mapper.groovy)
	at io.restassured.mapper.ObjectMapper$serialize.call(Unknown Source)
	at org.codehaus.groovy.runtime.callsite.CallSiteArray.defaultCall(CallSiteArray.java:46)
	at org.codehaus.groovy.runtime.callsite.AbstractCallSite.call(AbstractCallSite.java:125)
	at org.codehaus.groovy.runtime.callsite.AbstractCallSite.call(AbstractCallSite.java:139)
	at io.restassured.internal.mapping.ObjectMapping.serializeWithJackson2(ObjectMapping.groovy:217)
	at sun.reflect.NativeMethodAccessorImpl.invoke0(Native Method)
	at sun.reflect.NativeMethodAccessorImpl.invoke(NativeMethodAccessorImpl.java:62)
	at sun.reflect.DelegatingMethodAccessorImpl.invoke(DelegatingMethodAccessorImpl.java:43)
	at java.lang.reflect.Method.invoke(Method.java:498)
	at org.codehaus.groovy.reflection.CachedMethod.invoke(CachedMethod.java:343)
	at org.codehaus.groovy.runtime.callsite.StaticMetaMethodSite$StaticMetaMethodSiteNoUnwrapNoCoerce.invoke(StaticMetaMethodSite.java:153)
	at org.codehaus.groovy.runtime.callsite.StaticMetaMethodSite.callStatic(StaticMetaMethodSite.java:102)
	at org.codehaus.groovy.runtime.callsite.CallSiteArray.defaultCallStatic(CallSiteArray.java:54)
	at org.codehaus.groovy.runtime.callsite.AbstractCallSite.callStatic(AbstractCallSite.java:217)
	at org.codehaus.groovy.runtime.callsite.AbstractCallSite.callStatic(AbstractCallSite.java:240)
	at io.restassured.internal.mapping.ObjectMapping.serialize(ObjectMapping.groovy:154)
	at io.restassured.internal.mapping.ObjectMapping$serialize.call(Unknown Source)
	at org.codehaus.groovy.runtime.callsite.CallSiteArray.defaultCall(CallSiteArray.java:46)
	at org.codehaus.groovy.runtime.callsite.AbstractCallSite.call(AbstractCallSite.java:125)
	at io.restassured.internal.RequestSpecificationImpl.body(RequestSpecificationImpl.groovy:756)
	at com.base.BaseClass.addBody(BaseClass.java:51)
	at org.main.OMRBranch.createAddress(OMRBranch.java:62)
	at sun.reflect.NativeMethodAccessorImpl.invoke0(Native Method)
	at sun.reflect.NativeMethodAccessorImpl.invoke(NativeMethodAccessorImpl.java:62)
	at sun.reflect.DelegatingMethodAccessorImpl.invoke(DelegatingMethodAccessorImpl.java:43)
	at java.lang.reflect.Method.invoke(Method.java:498)
	at org.testng.internal.MethodInvocationHelper.invokeMethod(MethodInvocationHelper.java:86)
	at org.testng.internal.Invoker.invokeMethod(Invoker.java:643)
	at org.testng.internal.Invoker.invokeTestMethod(Invoker.java:820)
	at org.testng.internal.Invoker.invokeTestMethods(Invoker.java:1128)
	at org.testng.internal.TestMethodWorker.invokeTestMethods(TestMethodWorker.java:129)
	at org.testng.internal.TestMethodWorker.run(TestMethodWorker.java:112)
	at org.testng.TestRunner.privateRun(TestRunner.java:782)
	at org.testng.TestRunner.run(TestRunner.java:632)
	at org.testng.SuiteRunner.runTest(SuiteRunner.java:366)
	at org.testng.SuiteRunner.runSequentially(SuiteRunner.java:361)
	at org.testng.SuiteRunner.privateRun(SuiteRunner.java:319)
	at org.testng.SuiteRunner.run(SuiteRunner.java:268)
	at org.testng.SuiteRunnerWorker.runSuite(SuiteRunnerWorker.java:52)
	at org.testng.SuiteRunnerWorker.run(SuiteRunnerWorker.java:86)
	at org.testng.TestNG.runSuitesSequentially(TestNG.java:1244)
	at org.testng.TestNG.runSuitesLocally(TestNG.java:1169)
	at org.testng.TestNG.run(TestNG.java:1064)
	at org.testng.remote.RemoteTestNG.run(RemoteTestNG.java:113)
	at org.testng.remote.RemoteTestNG.initAndRun(RemoteTestNG.java:206)
	at org.testng.remote.RemoteTestNG.main(RemoteTestNG.java:177)
]]>
            </full-stacktrace>
          </exception> <!-- java.util.ServiceConfigurationError -->
          <reporter-output>
          </reporter-output>
        </test-method> <!-- createAddress -->
        <test-method status="FAIL" signature="updateAddress()[pri:3, instance:org.main.OMRBranch@49e4cb85]" name="updateAddress" duration-ms="31" started-at="2022-06-17T20:35:58Z" finished-at="2022-06-17T20:35:58Z">
          <exception class="java.util.ServiceConfigurationError">
            <message>
              <![CDATA[com.fasterxml.jackson.databind.Module: Provider com.fasterxml.jackson.datatype.jdk8.Jdk8Module not found]]>
            </message>
            <full-stacktrace>
              <![CDATA[java.util.ServiceConfigurationError: com.fasterxml.jackson.databind.Module: Provider com.fasterxml.jackson.datatype.jdk8.Jdk8Module not found
	at java.util.ServiceLoader.fail(ServiceLoader.java:239)
	at java.util.ServiceLoader.access$300(ServiceLoader.java:185)
	at java.util.ServiceLoader$LazyIterator.nextService(ServiceLoader.java:372)
	at java.util.ServiceLoader$LazyIterator.next(ServiceLoader.java:404)
	at java.util.ServiceLoader$1.next(ServiceLoader.java:480)
	at com.fasterxml.jackson.databind.ObjectMapper.findModules(ObjectMapper.java:1105)
	at com.fasterxml.jackson.databind.ObjectMapper.findModules(ObjectMapper.java:1089)
	at com.fasterxml.jackson.databind.ObjectMapper.findAndRegisterModules(ObjectMapper.java:1139)
	at io.restassured.path.json.mapper.factory.DefaultJackson2ObjectMapperFactory.create(DefaultJackson2ObjectMapperFactory.java:29)
	at io.restassured.path.json.mapper.factory.DefaultJackson2ObjectMapperFactory.create(DefaultJackson2ObjectMapperFactory.java:27)
	at io.restassured.common.mapper.factory.ObjectMapperFactory$create.call(Unknown Source)
	at io.restassured.internal.mapping.Jackson2Mapper.createJackson2ObjectMapper(Jackson2Mapper.groovy:44)
	at io.restassured.internal.mapping.Jackson2Mapper.this$2$createJackson2ObjectMapper(Jackson2Mapper.groovy)
	at sun.reflect.NativeMethodAccessorImpl.invoke0(Native Method)
	at sun.reflect.NativeMethodAccessorImpl.invoke(NativeMethodAccessorImpl.java:62)
	at sun.reflect.DelegatingMethodAccessorImpl.invoke(DelegatingMethodAccessorImpl.java:43)
	at java.lang.reflect.Method.invoke(Method.java:498)
	at org.codehaus.groovy.runtime.callsite.PlainObjectMetaMethodSite.doInvoke(PlainObjectMetaMethodSite.java:43)
	at org.codehaus.groovy.runtime.callsite.PogoMetaMethodSite$PogoCachedMethodSiteNoUnwrapNoCoerce.invoke(PogoMetaMethodSite.java:198)
	at org.codehaus.groovy.runtime.callsite.PogoMetaMethodSite.callCurrent(PogoMetaMethodSite.java:62)
	at org.codehaus.groovy.runtime.callsite.AbstractCallSite.callCurrent(AbstractCallSite.java:194)
	at io.restassured.internal.mapping.Jackson2Mapper.serialize(Jackson2Mapper.groovy:50)
	at io.restassured.internal.mapping.Jackson2Mapper.serialize(Jackson2Mapper.groovy)
	at io.restassured.mapper.ObjectMapper$serialize.call(Unknown Source)
	at io.restassured.internal.mapping.ObjectMapping.serializeWithJackson2(ObjectMapping.groovy:217)
	at sun.reflect.NativeMethodAccessorImpl.invoke0(Native Method)
	at sun.reflect.NativeMethodAccessorImpl.invoke(NativeMethodAccessorImpl.java:62)
	at sun.reflect.DelegatingMethodAccessorImpl.invoke(DelegatingMethodAccessorImpl.java:43)
	at java.lang.reflect.Method.invoke(Method.java:498)
	at org.codehaus.groovy.reflection.CachedMethod.invoke(CachedMethod.java:343)
	at org.codehaus.groovy.runtime.callsite.StaticMetaMethodSite$StaticMetaMethodSiteNoUnwrapNoCoerce.invoke(StaticMetaMethodSite.java:153)
	at org.codehaus.groovy.runtime.callsite.StaticMetaMethodSite.callStatic(StaticMetaMethodSite.java:102)
	at org.codehaus.groovy.runtime.callsite.AbstractCallSite.callStatic(AbstractCallSite.java:240)
	at io.restassured.internal.mapping.ObjectMapping.serialize(ObjectMapping.groovy:154)
	at io.restassured.internal.mapping.ObjectMapping$serialize.call(Unknown Source)
	at org.codehaus.groovy.runtime.callsite.CallSiteArray.defaultCall(CallSiteArray.java:46)
	at io.restassured.internal.mapping.ObjectMapping$serialize.call(Unknown Source)
	at io.restassured.internal.RequestSpecificationImpl.body(RequestSpecificationImpl.groovy:756)
	at com.base.BaseClass.addBody(BaseClass.java:51)
	at org.main.OMRBranch.updateAddress(OMRBranch.java:86)
	at sun.reflect.NativeMethodAccessorImpl.invoke0(Native Method)
	at sun.reflect.NativeMethodAccessorImpl.invoke(NativeMethodAccessorImpl.java:62)
	at sun.reflect.DelegatingMethodAccessorImpl.invoke(DelegatingMethodAccessorImpl.java:43)
	at java.lang.reflect.Method.invoke(Method.java:498)
	at org.testng.internal.MethodInvocationHelper.invokeMethod(MethodInvocationHelper.java:86)
	at org.testng.internal.Invoker.invokeMethod(Invoker.java:643)
	at org.testng.internal.Invoker.invokeTestMethod(Invoker.java:820)
	at org.testng.internal.Invoker.invokeTestMethods(Invoker.java:1128)
	at org.testng.internal.TestMethodWorker.invokeTestMethods(TestMethodWorker.java:129)
	at org.testng.internal.TestMethodWorker.run(TestMethodWorker.java:112)
	at org.testng.TestRunner.privateRun(TestRunner.java:782)
	at org.testng.TestRunner.run(TestRunner.java:632)
	at org.testng.SuiteRunner.runTest(SuiteRunner.java:366)
	at org.testng.SuiteRunner.runSequentially(SuiteRunner.java:361)
	at org.testng.SuiteRunner.privateRun(SuiteRunner.java:319)
	at org.testng.SuiteRunner.run(SuiteRunner.java:268)
	at org.testng.SuiteRunnerWorker.runSuite(SuiteRunnerWorker.java:52)
	at org.testng.SuiteRunnerWorker.run(SuiteRunnerWorker.java:86)
	at org.testng.TestNG.runSuitesSequentially(TestNG.java:1244)
	at org.testng.TestNG.runSuitesLocally(TestNG.java:1169)
	at org.testng.TestNG.run(TestNG.java:1064)
	at org.testng.remote.RemoteTestNG.run(RemoteTestNG.java:113)
	at org.testng.remote.RemoteTestNG.initAndRun(RemoteTestNG.java:206)
	at org.testng.remote.RemoteTestNG.main(RemoteTestNG.java:177)
]]>
            </full-stacktrace>
          </exception> <!-- java.util.ServiceConfigurationError -->
          <reporter-output>
          </reporter-output>
        </test-method> <!-- updateAddress -->
        <test-method status="FAIL" signature="getAddresses()[pri:4, instance:org.main.OMRBranch@49e4cb85]" name="getAddresses" duration-ms="4719" started-at="2022-06-17T20:35:58Z" finished-at="2022-06-17T20:36:03Z">
          <exception class="java.lang.IllegalStateException">
            <message>
              <![CDATA[Cannot parse object because no supported Content-Type was specified in response. Content-Type was 'text/html; charset=UTF-8'.]]>
            </message>
            <full-stacktrace>
              <![CDATA[java.lang.IllegalStateException: Cannot parse object because no supported Content-Type was specified in response. Content-Type was 'text/html; charset=UTF-8'.
	at sun.reflect.NativeConstructorAccessorImpl.newInstance0(Native Method)
	at sun.reflect.NativeConstructorAccessorImpl.newInstance(NativeConstructorAccessorImpl.java:62)
	at sun.reflect.DelegatingConstructorAccessorImpl.newInstance(DelegatingConstructorAccessorImpl.java:45)
	at java.lang.reflect.Constructor.newInstance(Constructor.java:423)
	at org.codehaus.groovy.reflection.CachedConstructor.invoke(CachedConstructor.java:73)
	at org.codehaus.groovy.runtime.callsite.ConstructorSite$ConstructorSiteNoUnwrapNoCoerce.callConstructor(ConstructorSite.java:108)
	at org.codehaus.groovy.runtime.callsite.CallSiteArray.defaultCallConstructor(CallSiteArray.java:58)
	at org.codehaus.groovy.runtime.callsite.AbstractCallSite.callConstructor(AbstractCallSite.java:263)
	at org.codehaus.groovy.runtime.callsite.AbstractCallSite.callConstructor(AbstractCallSite.java:277)
	at io.restassured.internal.mapping.ObjectMapping.deserialize(ObjectMapping.groovy:95)
	at io.restassured.internal.mapping.ObjectMapping$deserialize$0.call(Unknown Source)
	at org.codehaus.groovy.runtime.callsite.CallSiteArray.defaultCall(CallSiteArray.java:46)
	at org.codehaus.groovy.runtime.callsite.AbstractCallSite.call(AbstractCallSite.java:125)
	at io.restassured.internal.RestAssuredResponseOptionsGroovyImpl.as(RestAssuredResponseOptionsGroovyImpl.groovy:231)
	at io.restassured.internal.RestAssuredResponseOptionsImpl.as(RestAssuredResponseOptionsImpl.java:169)
	at org.main.OMRBranch.getAddresses(OMRBranch.java:110)
	at sun.reflect.NativeMethodAccessorImpl.invoke0(Native Method)
	at sun.reflect.NativeMethodAccessorImpl.invoke(NativeMethodAccessorImpl.java:62)
	at sun.reflect.DelegatingMethodAccessorImpl.invoke(DelegatingMethodAccessorImpl.java:43)
	at java.lang.reflect.Method.invoke(Method.java:498)
	at org.testng.internal.MethodInvocationHelper.invokeMethod(MethodInvocationHelper.java:86)
	at org.testng.internal.Invoker.invokeMethod(Invoker.java:643)
	at org.testng.internal.Invoker.invokeTestMethod(Invoker.java:820)
	at org.testng.internal.Invoker.invokeTestMethods(Invoker.java:1128)
	at org.testng.internal.TestMethodWorker.invokeTestMethods(TestMethodWorker.java:129)
	at org.testng.internal.TestMethodWorker.run(TestMethodWorker.java:112)
	at org.testng.TestRunner.privateRun(TestRunner.java:782)
	at org.testng.TestRunner.run(TestRunner.java:632)
	at org.testng.SuiteRunner.runTest(SuiteRunner.java:366)
	at org.testng.SuiteRunner.runSequentially(SuiteRunner.java:361)
	at org.testng.SuiteRunner.privateRun(SuiteRunner.java:319)
	at org.testng.SuiteRunner.run(SuiteRunner.java:268)
	at org.testng.SuiteRunnerWorker.runSuite(SuiteRunnerWorker.java:52)
	at org.testng.SuiteRunnerWorker.run(SuiteRunnerWorker.java:86)
	at org.testng.TestNG.runSuitesSequentially(TestNG.java:1244)
	at org.testng.TestNG.runSuitesLocally(TestNG.java:1169)
	at org.testng.TestNG.run(TestNG.java:1064)
	at org.testng.remote.RemoteTestNG.run(RemoteTestNG.java:113)
	at org.testng.remote.RemoteTestNG.initAndRun(RemoteTestNG.java:206)
	at org.testng.remote.RemoteTestNG.main(RemoteTestNG.java:177)
]]>
            </full-stacktrace>
          </exception> <!-- java.lang.IllegalStateException -->
          <reporter-output>
          </reporter-output>
        </test-method> <!-- getAddresses -->
        <test-method status="FAIL" signature="deleteAddresses()[pri:5, instance:org.main.OMRBranch@49e4cb85]" name="deleteAddresses" duration-ms="47" started-at="2022-06-17T20:36:03Z" finished-at="2022-06-17T20:36:03Z">
          <exception class="java.util.ServiceConfigurationError">
            <message>
              <![CDATA[com.fasterxml.jackson.databind.Module: Provider com.fasterxml.jackson.datatype.jdk8.Jdk8Module not found]]>
            </message>
            <full-stacktrace>
              <![CDATA[java.util.ServiceConfigurationError: com.fasterxml.jackson.databind.Module: Provider com.fasterxml.jackson.datatype.jdk8.Jdk8Module not found
	at java.util.ServiceLoader.fail(ServiceLoader.java:239)
	at java.util.ServiceLoader.access$300(ServiceLoader.java:185)
	at java.util.ServiceLoader$LazyIterator.nextService(ServiceLoader.java:372)
	at java.util.ServiceLoader$LazyIterator.next(ServiceLoader.java:404)
	at java.util.ServiceLoader$1.next(ServiceLoader.java:480)
	at com.fasterxml.jackson.databind.ObjectMapper.findModules(ObjectMapper.java:1105)
	at com.fasterxml.jackson.databind.ObjectMapper.findModules(ObjectMapper.java:1089)
	at com.fasterxml.jackson.databind.ObjectMapper.findAndRegisterModules(ObjectMapper.java:1139)
	at io.restassured.path.json.mapper.factory.DefaultJackson2ObjectMapperFactory.create(DefaultJackson2ObjectMapperFactory.java:29)
	at io.restassured.path.json.mapper.factory.DefaultJackson2ObjectMapperFactory.create(DefaultJackson2ObjectMapperFactory.java:27)
	at io.restassured.common.mapper.factory.ObjectMapperFactory$create.call(Unknown Source)
	at io.restassured.internal.mapping.Jackson2Mapper.createJackson2ObjectMapper(Jackson2Mapper.groovy:44)
	at io.restassured.internal.mapping.Jackson2Mapper.this$2$createJackson2ObjectMapper(Jackson2Mapper.groovy)
	at sun.reflect.NativeMethodAccessorImpl.invoke0(Native Method)
	at sun.reflect.NativeMethodAccessorImpl.invoke(NativeMethodAccessorImpl.java:62)
	at sun.reflect.DelegatingMethodAccessorImpl.invoke(DelegatingMethodAccessorImpl.java:43)
	at java.lang.reflect.Method.invoke(Method.java:498)
	at org.codehaus.groovy.runtime.callsite.PlainObjectMetaMethodSite.doInvoke(PlainObjectMetaMethodSite.java:43)
	at org.codehaus.groovy.runtime.callsite.PogoMetaMethodSite$PogoCachedMethodSiteNoUnwrapNoCoerce.invoke(PogoMetaMethodSite.java:198)
	at org.codehaus.groovy.runtime.callsite.PogoMetaMethodSite.callCurrent(PogoMetaMethodSite.java:62)
	at org.codehaus.groovy.runtime.callsite.AbstractCallSite.callCurrent(AbstractCallSite.java:194)
	at io.restassured.internal.mapping.Jackson2Mapper.serialize(Jackson2Mapper.groovy:50)
	at io.restassured.internal.mapping.Jackson2Mapper.serialize(Jackson2Mapper.groovy)
	at io.restassured.mapper.ObjectMapper$serialize.call(Unknown Source)
	at io.restassured.internal.mapping.ObjectMapping.serializeWithJackson2(ObjectMapping.groovy:217)
	at sun.reflect.NativeMethodAccessorImpl.invoke0(Native Method)
	at sun.reflect.NativeMethodAccessorImpl.invoke(NativeMethodAccessorImpl.java:62)
	at sun.reflect.DelegatingMethodAccessorImpl.invoke(DelegatingMethodAccessorImpl.java:43)
	at java.lang.reflect.Method.invoke(Method.java:498)
	at org.codehaus.groovy.reflection.CachedMethod.invoke(CachedMethod.java:343)
	at org.codehaus.groovy.runtime.callsite.StaticMetaMethodSite$StaticMetaMethodSiteNoUnwrapNoCoerce.invoke(StaticMetaMethodSite.java:153)
	at org.codehaus.groovy.runtime.callsite.StaticMetaMethodSite.callStatic(StaticMetaMethodSite.java:102)
	at org.codehaus.groovy.runtime.callsite.AbstractCallSite.callStatic(AbstractCallSite.java:240)
	at io.restassured.internal.mapping.ObjectMapping.serialize(ObjectMapping.groovy:154)
	at io.restassured.internal.mapping.ObjectMapping$serialize.call(Unknown Source)
	at org.codehaus.groovy.runtime.callsite.CallSiteArray.defaultCall(CallSiteArray.java:46)
	at io.restassured.internal.mapping.ObjectMapping$serialize.call(Unknown Source)
	at io.restassured.internal.RequestSpecificationImpl.body(RequestSpecificationImpl.groovy:756)
	at com.base.BaseClass.addBody(BaseClass.java:51)
	at org.main.OMRBranch.deleteAddresses(OMRBranch.java:126)
	at sun.reflect.NativeMethodAccessorImpl.invoke0(Native Method)
	at sun.reflect.NativeMethodAccessorImpl.invoke(NativeMethodAccessorImpl.java:62)
	at sun.reflect.DelegatingMethodAccessorImpl.invoke(DelegatingMethodAccessorImpl.java:43)
	at java.lang.reflect.Method.invoke(Method.java:498)
	at org.testng.internal.MethodInvocationHelper.invokeMethod(MethodInvocationHelper.java:86)
	at org.testng.internal.Invoker.invokeMethod(Invoker.java:643)
	at org.testng.internal.Invoker.invokeTestMethod(Invoker.java:820)
	at org.testng.internal.Invoker.invokeTestMethods(Invoker.java:1128)
	at org.testng.internal.TestMethodWorker.invokeTestMethods(TestMethodWorker.java:129)
	at org.testng.internal.TestMethodWorker.run(TestMethodWorker.java:112)
	at org.testng.TestRunner.privateRun(TestRunner.java:782)
	at org.testng.TestRunner.run(TestRunner.java:632)
	at org.testng.SuiteRunner.runTest(SuiteRunner.java:366)
	at org.testng.SuiteRunner.runSequentially(SuiteRunner.java:361)
	at org.testng.SuiteRunner.privateRun(SuiteRunner.java:319)
	at org.testng.SuiteRunner.run(SuiteRunner.java:268)
	at org.testng.SuiteRunnerWorker.runSuite(SuiteRunnerWorker.java:52)
	at org.testng.SuiteRunnerWorker.run(SuiteRunnerWorker.java:86)
	at org.testng.TestNG.runSuitesSequentially(TestNG.java:1244)
	at org.testng.TestNG.runSuitesLocally(TestNG.java:1169)
	at org.testng.TestNG.run(TestNG.java:1064)
	at org.testng.remote.RemoteTestNG.run(RemoteTestNG.java:113)
	at org.testng.remote.RemoteTestNG.initAndRun(RemoteTestNG.java:206)
	at org.testng.remote.RemoteTestNG.main(RemoteTestNG.java:177)
]]>
            </full-stacktrace>
          </exception> <!-- java.util.ServiceConfigurationError -->
          <reporter-output>
          </reporter-output>
        </test-method> <!-- deleteAddresses -->
        <test-method status="PASS" signature="changeprofilepic()[pri:6, instance:org.main.OMRBranch@49e4cb85]" name="changeprofilepic" duration-ms="1937" started-at="2022-06-17T20:36:03Z" finished-at="2022-06-17T20:36:05Z">
          <reporter-output>
          </reporter-output>
        </test-method> <!-- changeprofilepic -->
      </class> <!-- org.main.OMRBranch -->
    </test> <!-- Default test -->
  </suite> <!-- Default suite -->
</testng-results>
